2020-06-15 09:16:00,163 [Worker-1: Loading available Gradle versions] INFO  o.e.b.c.i.u.g.PublishedGradleVersions - Gradle version information cache is up-to-date. Trying to read.
2020-06-15 09:16:56,321 [Worker-1: Building] INFO  o.e.m.c.i.l.LifecycleMappingFactory - Using org.eclipse.m2e.jdt.JarLifecycleMapping lifecycle mapping for MavenProject: br.com.squadra:project-test:0.0.1-SNAPSHOT @ C:\Users\Marcos\Desktop\Projeto Teste Java Squadra\Projeto Teste Java Squadra\testes automatizados\pom.xml.
2020-06-15 09:16:56,363 [Worker-7: Updating Maven Dependencies] INFO  o.e.m.c.i.l.LifecycleMappingFactory - Using org.eclipse.m2e.jdt.JarLifecycleMapping lifecycle mapping for MavenProject: br.com.squadra:project-test:0.0.1-SNAPSHOT @ C:\Users\Marcos\Desktop\Projeto Teste Java Squadra\Projeto Teste Java Squadra\testes automatizados\pom.xml.
2020-06-15 09:17:00,718 [Worker-1: Building] INFO  o.e.m.c.i.embedder.EclipseLogger - Using 'UTF-8' encoding to copy filtered resources.
2020-06-15 09:17:00,718 [Worker-1: Building] INFO  o.e.m.c.i.embedder.EclipseLogger - skip non existing resourceDirectory C:\Users\Marcos\Desktop\Projeto Teste Java Squadra\Projeto Teste Java Squadra\testes automatizados\src\main\resources
2020-06-15 09:17:00,737 [Worker-1: Building] INFO  o.e.m.c.i.embedder.EclipseLogger - Using 'UTF-8' encoding to copy filtered resources.
2020-06-15 09:17:00,748 [Worker-1: Building] INFO  o.e.m.c.i.embedder.EclipseLogger - Copying 1 resource
2020-06-15 09:17:03,759 [Worker-8: Updating Maven Dependencies] INFO  o.e.m.c.i.l.LifecycleMappingFactory - Using org.eclipse.m2e.jdt.JarLifecycleMapping lifecycle mapping for MavenProject: br.com.squadra:project-test:0.0.1-SNAPSHOT @ C:\Users\Marcos\Desktop\Projeto Teste Java Squadra\Projeto Teste Java Squadra\testes automatizados\pom.xml.
2020-06-15 09:17:04,703 [Worker-11: Building] INFO  o.e.m.c.i.embedder.EclipseLogger - Using 'UTF-8' encoding to copy filtered resources.
2020-06-15 09:17:04,703 [Worker-11: Building] INFO  o.e.m.c.i.embedder.EclipseLogger - skip non existing resourceDirectory C:\Users\Marcos\Desktop\Projeto Teste Java Squadra\Projeto Teste Java Squadra\testes automatizados\src\main\resources
2020-06-15 09:17:04,707 [Worker-11: Building] INFO  o.e.m.c.i.embedder.EclipseLogger - Using 'UTF-8' encoding to copy filtered resources.
2020-06-15 09:17:04,715 [Worker-11: Building] INFO  o.e.m.c.i.embedder.EclipseLogger - Copying 1 resource
2020-06-15 09:17:06,450 [Worker-8: Building] INFO  o.e.m.c.i.embedder.EclipseLogger - Using 'UTF-8' encoding to copy filtered resources.
2020-06-15 09:17:06,450 [Worker-8: Building] INFO  o.e.m.c.i.embedder.EclipseLogger - skip non existing resourceDirectory C:\Users\Marcos\Desktop\Projeto Teste Java Squadra\Projeto Teste Java Squadra\testes automatizados\src\main\resources
2020-06-15 09:17:06,495 [Worker-8: Building] INFO  o.e.m.c.i.embedder.EclipseLogger - Using 'UTF-8' encoding to copy filtered resources.
2020-06-15 09:17:06,496 [Worker-8: Building] INFO  o.e.m.c.i.embedder.EclipseLogger - Copying 0 resource
2020-06-19 16:27:21,970 [Worker-3: Loading available Gradle versions] INFO  o.e.b.c.i.u.g.PublishedGradleVersions - Gradle version information cache is up-to-date. Trying to read.
2020-06-25 21:20:53,088 [Worker-4: Loading available Gradle versions] INFO  o.e.b.c.i.u.g.PublishedGradleVersions - Gradle version information cache is up-to-date. Trying to read.
2020-06-26 12:01:57,537 [Worker-7: Loading available Gradle versions] INFO  o.e.b.c.i.u.g.PublishedGradleVersions - Gradle version information cache is up-to-date. Trying to read.
2021-01-05 15:34:03,184 [Worker-3: Loading available Gradle versions] INFO  o.e.b.c.i.u.g.PublishedGradleVersions - Gradle version information cache is up-to-date. Trying to read.
2021-01-05 15:35:03,103 [Worker-8: Building] INFO  o.e.m.c.i.l.LifecycleMappingFactory - Using org.eclipse.m2e.jdt.JarLifecycleMapping lifecycle mapping for MavenProject: br.com.compasso:project-test:0.0.1-SNAPSHOT @ C:\Users\Marcos\Desktop\Projeto Teste Copasso_Uol\Compasso-Framework\pom.xml.
2021-01-05 15:35:05,670 [Worker-8: Building] INFO  o.e.m.c.i.embedder.EclipseLogger - Using 'UTF-8' encoding to copy filtered resources.
2021-01-05 15:35:05,670 [Worker-8: Building] INFO  o.e.m.c.i.embedder.EclipseLogger - skip non existing resourceDirectory C:\Users\Marcos\Desktop\Projeto Teste Copasso_Uol\Compasso-Framework\src\main\resources
2021-01-05 15:35:05,678 [Worker-8: Building] INFO  o.e.m.c.i.embedder.EclipseLogger - Using 'UTF-8' encoding to copy filtered resources.
2021-01-05 15:35:05,720 [Worker-8: Building] INFO  o.e.m.c.i.embedder.EclipseLogger - Copying 9 resources
2021-01-05 15:35:07,647 [Worker-3: Updating Maven Dependencies] INFO  o.e.m.c.i.l.LifecycleMappingFactory - Using org.eclipse.m2e.jdt.JarLifecycleMapping lifecycle mapping for MavenProject: br.com.compasso:project-test:0.0.1-SNAPSHOT @ C:\Users\Marcos\Desktop\Projeto Teste Copasso_Uol\Compasso-Framework\pom.xml.
2021-01-05 15:35:13,253 [Worker-4: Building] INFO  o.e.m.c.i.embedder.EclipseLogger - Using 'UTF-8' encoding to copy filtered resources.
2021-01-05 15:35:13,254 [Worker-4: Building] INFO  o.e.m.c.i.embedder.EclipseLogger - skip non existing resourceDirectory C:\Users\Marcos\Desktop\Projeto Teste Copasso_Uol\Compasso-Framework\src\main\resources
2021-01-05 15:35:13,261 [Worker-4: Building] INFO  o.e.m.c.i.embedder.EclipseLogger - Using 'UTF-8' encoding to copy filtered resources.
2021-01-05 15:35:13,270 [Worker-4: Building] INFO  o.e.m.c.i.embedder.EclipseLogger - Copying 9 resources
2021-01-05 15:35:50,252 [Worker-6: Building] INFO  o.e.m.c.i.embedder.EclipseLogger - Using 'UTF-8' encoding to copy filtered resources.
2021-01-05 15:35:50,252 [Worker-6: Building] INFO  o.e.m.c.i.embedder.EclipseLogger - skip non existing resourceDirectory C:\Users\Marcos\Desktop\Projeto Teste Copasso_Uol\Compasso-Framework\src\main\resources
2021-01-05 15:35:50,256 [Worker-6: Building] INFO  o.e.m.c.i.embedder.EclipseLogger - Using 'UTF-8' encoding to copy filtered resources.
2021-01-05 15:35:50,262 [Worker-6: Building] INFO  o.e.m.c.i.embedder.EclipseLogger - Copying 9 resources
2021-01-05 15:36:22,236 [Worker-6: Building] INFO  o.e.m.c.i.embedder.EclipseLogger - Using 'UTF-8' encoding to copy filtered resources.
2021-01-05 15:36:22,237 [Worker-6: Building] INFO  o.e.m.c.i.embedder.EclipseLogger - skip non existing resourceDirectory C:\Users\Marcos\Desktop\Projeto Teste Copasso_Uol\Compasso-Framework\src\main\resources
2021-01-05 15:36:22,239 [Worker-6: Building] INFO  o.e.m.c.i.embedder.EclipseLogger - Using 'UTF-8' encoding to copy filtered resources.
2021-01-05 15:36:22,244 [Worker-6: Building] INFO  o.e.m.c.i.embedder.EclipseLogger - Copying 9 resources
2021-01-05 15:36:33,158 [Worker-5: Building] INFO  o.e.m.c.i.embedder.EclipseLogger - Using 'UTF-8' encoding to copy filtered resources.
2021-01-05 15:36:33,159 [Worker-5: Building] INFO  o.e.m.c.i.embedder.EclipseLogger - skip non existing resourceDirectory C:\Users\Marcos\Desktop\Projeto Teste Copasso_Uol\Compasso-Framework\src\main\resources
2021-01-05 15:36:33,161 [Worker-5: Building] INFO  o.e.m.c.i.embedder.EclipseLogger - Using 'UTF-8' encoding to copy filtered resources.
2021-01-05 15:36:33,171 [Worker-5: Building] INFO  o.e.m.c.i.embedder.EclipseLogger - Copying 9 resources
2021-01-05 15:36:46,224 [Worker-4: Building] INFO  o.e.m.c.i.embedder.EclipseLogger - Using 'UTF-8' encoding to copy filtered resources.
2021-01-05 15:36:46,225 [Worker-4: Building] INFO  o.e.m.c.i.embedder.EclipseLogger - skip non existing resourceDirectory C:\Users\Marcos\Desktop\Projeto Teste Copasso_Uol\Compasso-Framework\src\main\resources
2021-01-05 15:36:46,231 [Worker-4: Building] INFO  o.e.m.c.i.embedder.EclipseLogger - Using 'UTF-8' encoding to copy filtered resources.
2021-01-05 15:36:46,236 [Worker-4: Building] INFO  o.e.m.c.i.embedder.EclipseLogger - Copying 9 resources
2021-01-05 15:36:58,203 [Worker-6: Building] INFO  o.e.m.c.i.embedder.EclipseLogger - Using 'UTF-8' encoding to copy filtered resources.
2021-01-05 15:36:58,203 [Worker-6: Building] INFO  o.e.m.c.i.embedder.EclipseLogger - skip non existing resourceDirectory C:\Users\Marcos\Desktop\Projeto Teste Copasso_Uol\Compasso-Framework\src\main\resources
2021-01-05 15:36:58,218 [Worker-6: Building] INFO  o.e.m.c.i.embedder.EclipseLogger - Using 'UTF-8' encoding to copy filtered resources.
2021-01-05 15:36:58,224 [Worker-6: Building] INFO  o.e.m.c.i.embedder.EclipseLogger - Copying 9 resources
2021-01-05 15:43:52,637 [Worker-9: Launching Compasso-Framework] INFO  o.e.m.c.i.embedder.EclipseLogger - Using 'UTF-8' encoding to copy filtered resources.
2021-01-05 15:43:52,638 [Worker-9: Launching Compasso-Framework] INFO  o.e.m.c.i.embedder.EclipseLogger - skip non existing resourceDirectory C:\Users\Marcos\Desktop\Projeto Teste Copasso_Uol\Compasso-Framework\src\main\resources
2021-01-05 15:43:52,640 [Worker-9: Launching Compasso-Framework] INFO  o.e.m.c.i.embedder.EclipseLogger - Using 'UTF-8' encoding to copy filtered resources.
2021-01-05 15:43:52,645 [Worker-9: Launching Compasso-Framework] INFO  o.e.m.c.i.embedder.EclipseLogger - Copying 9 resources
2021-01-05 16:20:29,930 [Worker-0: Loading available Gradle versions] INFO  o.e.b.c.i.u.g.PublishedGradleVersions - Gradle version information cache is up-to-date. Trying to read.
2021-01-05 16:21:04,302 [Worker-13: Building] INFO  o.e.m.c.i.embedder.EclipseLogger - Using 'UTF-8' encoding to copy filtered resources.
2021-01-05 16:21:04,303 [Worker-13: Building] INFO  o.e.m.c.i.embedder.EclipseLogger - skip non existing resourceDirectory C:\Users\Marcos\Desktop\Projeto Teste Copasso_Uol\Compasso-Framework\src\main\resources
2021-01-05 16:21:04,308 [Worker-13: Building] INFO  o.e.m.c.i.embedder.EclipseLogger - Using 'UTF-8' encoding to copy filtered resources.
2021-01-05 16:21:04,318 [Worker-13: Building] INFO  o.e.m.c.i.embedder.EclipseLogger - Copying 9 resources
